android/app/build/intermediates/manifest_merge_blame_file/debug/manifest-merger-blame-debug-report.txt
1<?xml version="1.0" encoding="utf-8"?>
2<manifest xmlns:android="http://schemas.android.com/apk/res/android"
3    package="com.nativewallet"
4    android:versionCode="1"
5    android:versionName="1.0" >
6
7    <uses-sdk
8        android:minSdkVersion="21"
9        android:targetSdkVersion="30" />
10
11    <uses-permission android:name="android.permission.SYSTEM_ALERT_WINDOW" />
11-->src/debug/AndroidManifest.xml:5:5-77
11-->src/debug/AndroidManifest.xml:5:22-75
12    <uses-permission android:name="android.permission.INTERNET" />
12-->src/main/AndroidManifest.xml:5:5-67
12-->src/main/AndroidManifest.xml:5:22-64
13    <uses-permission android:name="android.permission.ACCESS_WIFI_STATE" />
13-->[com.facebook.flipper:flipper:0.99.0] AndroidManifest.xml:16:5-76
13-->[com.facebook.flipper:flipper:0.99.0] AndroidManifest.xml:16:22-73
14
15    <application
15-->src/main/AndroidManifest.xml:7:5-38:19
16        android:name="com.nativewallet.MainApplication"
16-->src/main/AndroidManifest.xml:8:9-40
17        android:allowBackup="false"
17-->src/main/AndroidManifest.xml:9:9-36
18        android:appComponentFactory="androidx.core.app.CoreComponentFactory"
18-->[androidx.core:core:1.5.0] AndroidManifest.xml:24:18-86
19        android:debuggable="true"
20        android:icon="@mipmap/ic_launcher"
20-->src/main/AndroidManifest.xml:10:9-43
21        android:label="@string/app_name"
21-->src/main/AndroidManifest.xml:11:9-41
22        android:roundIcon="@mipmap/ic_launcher_round"
22-->src/main/AndroidManifest.xml:12:9-54
23        android:theme="@style/AppTheme"
23-->src/main/AndroidManifest.xml:13:9-40
24        android:usesCleartextTraffic="true" >
24-->src/main/AndroidManifest.xml:14:9-44
25        <activity android:name="com.facebook.react.devsupport.DevSettingsActivity" />
25-->src/debug/AndroidManifest.xml:11:9-86
25-->src/debug/AndroidManifest.xml:11:19-83
26
27        <receiver
27-->src/main/AndroidManifest.xml:15:9-24:20
28            android:name="com.nativewallet.MyBroadcastReceiver"
28-->src/main/AndroidManifest.xml:16:13-48
29            android:enabled="true"
29-->src/main/AndroidManifest.xml:17:13-35
30            android:exported="true" >
30-->src/main/AndroidManifest.xml:18:13-36
31            <intent-filter>
31-->src/main/AndroidManifest.xml:19:13-23:29
32                <action android:name="com.minima.newblock" >
32-->src/main/AndroidManifest.xml:20:17-22:26
32-->src/main/AndroidManifest.xml:20:25-59
33                </action>
34            </intent-filter>
35        </receiver>
36
37        <activity
37-->src/main/AndroidManifest.xml:26:9-37:20
38            android:name="com.nativewallet.MainActivity"
38-->src/main/AndroidManifest.xml:27:13-41
39            android:configChanges="keyboard|keyboardHidden|orientation|screenSize|uiMode"
39-->src/main/AndroidManifest.xml:28:13-90
40            android:label="@string/app_name"
40-->src/main/AndroidManifest.xml:29:13-45
41            android:launchMode="singleTask"
41-->src/main/AndroidManifest.xml:30:13-44
42            android:windowSoftInputMode="adjustResize" >
42-->src/main/AndroidManifest.xml:31:13-55
43            <intent-filter>
43-->src/main/AndroidManifest.xml:32:13-36:29
44                <action android:name="android.intent.action.MAIN" />
44-->src/main/AndroidManifest.xml:33:17-69
44-->src/main/AndroidManifest.xml:33:25-66
45
46                <category android:name="android.intent.category.LAUNCHER" />
46-->src/main/AndroidManifest.xml:35:17-77
46-->src/main/AndroidManifest.xml:35:27-74
47            </intent-filter>
48        </activity>
49    </application>
50
51</manifest>